time="2022-11-16T22:44:15+02:00" level=info msg="App run on port 8082" func="main.main()" file="app.go:14"
time="2022-11-16T22:44:15+02:00" level=info msg="App run on port 8082" func="main.main()" file="app.go:14"
time="2022-11-16T22:47:04+02:00" level=info msg="App run on port 8082" func="main.main()" file="app.go:18"
time="2022-11-16T22:47:04+02:00" level=info msg="App run on port 8082" func="main.main()" file="app.go:18"
time="2022-11-16T22:49:13+02:00" level=info msg="App run on port 8082" func="main.main()" file="app.go:18"
time="2022-11-16T22:49:13+02:00" level=info msg="App run on port 8082" func="main.main()" file="app.go:18"
time="2022-11-16T22:51:34+02:00" level=info msg="App run on port 8082" func="main.main()" file="app.go:18"
time="2022-11-16T22:51:34+02:00" level=info msg="App run on port 8082" func="main.main()" file="app.go:18"
time="2022-11-17T00:01:44+02:00" level=info msg="read config file" func="restApi/internal/config.GetConfig.func1()" file="config.go:25"
time="2022-11-17T00:01:44+02:00" level=info msg="read config file" func="restApi/internal/config.GetConfig.func1()" file="config.go:25"
time="2022-11-17T00:01:44+02:00" level=info msg="Config File \"appsettings\" Not Found in \"[D:\\\\programming\\\\microservices]\"" func="restApi/internal/config.GetConfig.func1()" file="config.go:34"
time="2022-11-17T00:01:44+02:00" level=info msg="Config File \"appsettings\" Not Found in \"[D:\\\\programming\\\\microservices]\"" func="restApi/internal/config.GetConfig.func1()" file="config.go:34"
time="2022-11-17T00:01:44+02:00" level=info msg="App run on %s:%s" func="restApi/internal/server.(*baseServer).GetServer()" file="base_server.go:32"
time="2022-11-17T00:01:44+02:00" level=info msg="App run on %s:%s" func="restApi/internal/server.(*baseServer).GetServer()" file="base_server.go:32"
time="2022-11-17T00:02:53+02:00" level=info msg="read config file" func="restApi/internal/config.GetConfig.func1()" file="config.go:25"
time="2022-11-17T00:02:53+02:00" level=info msg="read config file" func="restApi/internal/config.GetConfig.func1()" file="config.go:25"
time="2022-11-17T00:02:53+02:00" level=info msg="Config File \"appsettings\" Not Found in \"[D:\\\\programming\\\\microservices]\"" func="restApi/internal/config.GetConfig.func1()" file="config.go:34"
time="2022-11-17T00:02:53+02:00" level=info msg="Config File \"appsettings\" Not Found in \"[D:\\\\programming\\\\microservices]\"" func="restApi/internal/config.GetConfig.func1()" file="config.go:34"
time="2022-11-17T00:02:53+02:00" level=info msg="App run on :" func="restApi/internal/server.(*baseServer).GetServer()" file="base_server.go:32"
time="2022-11-17T00:02:53+02:00" level=info msg="App run on :" func="restApi/internal/server.(*baseServer).GetServer()" file="base_server.go:32"
time="2022-11-17T00:03:48+02:00" level=info msg="read config file" func="restApi/internal/config.GetConfig.func1()" file="config.go:25"
time="2022-11-17T00:03:48+02:00" level=info msg="read config file" func="restApi/internal/config.GetConfig.func1()" file="config.go:25"
time="2022-11-17T00:03:48+02:00" level=info msg="Config File \"appsettings\" Not Found in \"[D:\\\\programming\\\\microservices]\"" func="restApi/internal/config.GetConfig.func1()" file="config.go:34"
time="2022-11-17T00:03:48+02:00" level=info msg="Config File \"appsettings\" Not Found in \"[D:\\\\programming\\\\microservices]\"" func="restApi/internal/config.GetConfig.func1()" file="config.go:34"
time="2022-11-17T00:04:36+02:00" level=info msg="App run on :" func="restApi/internal/server.(*baseServer).GetServer()" file="base_server.go:32"
time="2022-11-17T00:04:36+02:00" level=info msg="App run on :" func="restApi/internal/server.(*baseServer).GetServer()" file="base_server.go:32"
time="2022-11-17T00:06:48+02:00" level=info msg="read config file" func="restApi/internal/config.GetConfig.func1()" file="config.go:25"
time="2022-11-17T00:06:48+02:00" level=info msg="read config file" func="restApi/internal/config.GetConfig.func1()" file="config.go:25"
time="2022-11-17T00:08:25+02:00" level=info msg="Config File \"appsettings\" Not Found in \"[D:\\\\programming\\\\microservices]\"" func="restApi/internal/config.GetConfig.func1()" file="config.go:34"
time="2022-11-17T00:08:25+02:00" level=info msg="Config File \"appsettings\" Not Found in \"[D:\\\\programming\\\\microservices]\"" func="restApi/internal/config.GetConfig.func1()" file="config.go:34"
time="2022-11-17T00:08:25+02:00" level=info msg="App run on :" func="restApi/internal/server.(*baseServer).GetServer()" file="base_server.go:32"
time="2022-11-17T00:08:25+02:00" level=info msg="App run on :" func="restApi/internal/server.(*baseServer).GetServer()" file="base_server.go:32"
time="2022-11-17T00:08:33+02:00" level=info msg="read config file" func="restApi/internal/config.GetConfig.func1()" file="config.go:25"
time="2022-11-17T00:08:33+02:00" level=info msg="read config file" func="restApi/internal/config.GetConfig.func1()" file="config.go:25"
time="2022-11-17T00:08:55+02:00" level=info msg="Config File \"appsettings\" Not Found in \"[D:\\\\programming\\\\microservices\\\\golang\\\\restApi\\\\restApi]\"" func="restApi/internal/config.GetConfig.func1()" file="config.go:34"
time="2022-11-17T00:08:55+02:00" level=info msg="Config File \"appsettings\" Not Found in \"[D:\\\\programming\\\\microservices\\\\golang\\\\restApi\\\\restApi]\"" func="restApi/internal/config.GetConfig.func1()" file="config.go:34"
time="2022-11-17T00:08:55+02:00" level=info msg="App run on :" func="restApi/internal/server.(*baseServer).GetServer()" file="base_server.go:32"
time="2022-11-17T00:08:55+02:00" level=info msg="App run on :" func="restApi/internal/server.(*baseServer).GetServer()" file="base_server.go:32"
time="2022-11-17T00:09:03+02:00" level=info msg="read config file" func="restApi/internal/config.GetConfig.func1()" file="config.go:25"
time="2022-11-17T00:09:03+02:00" level=info msg="read config file" func="restApi/internal/config.GetConfig.func1()" file="config.go:25"
time="2022-11-17T00:09:12+02:00" level=info msg="App run on 0.0.0.0:8082" func="restApi/internal/server.(*baseServer).GetServer()" file="base_server.go:32"
time="2022-11-17T00:09:12+02:00" level=info msg="App run on 0.0.0.0:8082" func="restApi/internal/server.(*baseServer).GetServer()" file="base_server.go:32"
time="2022-11-17T00:10:21+02:00" level=info msg="read config file" func="restApi/internal/config.GetConfig.func1()" file="config.go:25"
time="2022-11-17T00:10:21+02:00" level=info msg="read config file" func="restApi/internal/config.GetConfig.func1()" file="config.go:25"
time="2022-11-17T00:10:33+02:00" level=info msg="App run on 0.0.0.0:8082" func="restApi/internal/server.(*baseServer).GetServer()" file="base_server.go:32"
time="2022-11-17T00:10:33+02:00" level=info msg="App run on 0.0.0.0:8082" func="restApi/internal/server.(*baseServer).GetServer()" file="base_server.go:32"
